[2023-12-13 02:20:54.646 PM] SyntaxError: Unexpected token } in JSON at position 81
    at JSON.parse (<anonymous>)
    at parse (D:\Rwan\back-end node\training\project 2\server\node_modules\body-parser\lib\types\json.js:89:19)
    at D:\Rwan\back-end node\training\project 2\server\node_modules\body-parser\lib\read.js:128:18
    at AsyncResource.runInAsyncScope (node:async_hooks:203:9)
    at invokeCallback (D:\Rwan\back-end node\training\project 2\server\node_modules\raw-body\index.js:231:16)
    at done (D:\Rwan\back-end node\training\project 2\server\node_modules\raw-body\index.js:220:7)
    at IncomingMessage.onEnd (D:\Rwan\back-end node\training\project 2\server\node_modules\raw-body\index.js:280:7)
    at IncomingMessage.emit (node:events:517:28)
    at endReadableNT (node:internal/streams/readable:1368:12)
    at process.processTicksAndRejections (node:internal/process/task_queues:82:21)
[2023-12-13 02:21:41.357 PM] ValidationError: User validation failed: userName: Path `userName` is required., useEmail: Path `useEmail` is required.
    at Document.invalidate (D:\Rwan\back-end node\training\project 2\server\node_modules\mongoose\lib\document.js:3187:32)
    at D:\Rwan\back-end node\training\project 2\server\node_modules\mongoose\lib\document.js:2980:17
    at D:\Rwan\back-end node\training\project 2\server\node_modules\mongoose\lib\schemaType.js:1368:9
    at process.processTicksAndRejections (node:internal/process/task_queues:77:11)
[2023-12-13 02:24:08.158 PM] ValidationError: User validation failed: useEmail: Path `useEmail` is required.
    at Document.invalidate (D:\Rwan\back-end node\training\project 2\server\node_modules\mongoose\lib\document.js:3187:32)
    at D:\Rwan\back-end node\training\project 2\server\node_modules\mongoose\lib\document.js:2980:17
    at D:\Rwan\back-end node\training\project 2\server\node_modules\mongoose\lib\schemaType.js:1368:9
    at process.processTicksAndRejections (node:internal/process/task_queues:77:11)
[2023-12-13 02:24:39.335 PM] ValidationError: User validation failed: useEmail: Path `useEmail` is required.
    at Document.invalidate (D:\Rwan\back-end node\training\project 2\server\node_modules\mongoose\lib\document.js:3187:32)
    at D:\Rwan\back-end node\training\project 2\server\node_modules\mongoose\lib\document.js:2980:17
    at D:\Rwan\back-end node\training\project 2\server\node_modules\mongoose\lib\schemaType.js:1368:9
    at process.processTicksAndRejections (node:internal/process/task_queues:77:11)
[2023-12-13 02:24:45.278 PM] ValidationError: User validation failed: useEmail: Path `useEmail` is required.
    at Document.invalidate (D:\Rwan\back-end node\training\project 2\server\node_modules\mongoose\lib\document.js:3187:32)
    at D:\Rwan\back-end node\training\project 2\server\node_modules\mongoose\lib\document.js:2980:17
    at D:\Rwan\back-end node\training\project 2\server\node_modules\mongoose\lib\schemaType.js:1368:9
    at process.processTicksAndRejections (node:internal/process/task_queues:77:11)
[2023-12-13 02:28:23.059 PM] MongoServerError: E11000 duplicate key error collection: SEFF-tax-hub.users index: userId_1 dup key: { userId: null }
    at InsertOneOperation.execute (D:\Rwan\back-end node\training\project 2\server\node_modules\mongodb\lib\operations\insert.js:48:19)
    at process.processTicksAndRejections (node:internal/process/task_queues:95:5)
    at async executeOperationAsync (D:\Rwan\back-end node\training\project 2\server\node_modules\mongodb\lib\operations\execute_operation.js:106:16)
[2023-12-13 02:28:48.622 PM] MongoServerError: E11000 duplicate key error collection: SEFF-tax-hub.users index: userId_1 dup key: { userId: null }
    at InsertOneOperation.execute (D:\Rwan\back-end node\training\project 2\server\node_modules\mongodb\lib\operations\insert.js:48:19)
    at process.processTicksAndRejections (node:internal/process/task_queues:95:5)
    at async executeOperationAsync (D:\Rwan\back-end node\training\project 2\server\node_modules\mongodb\lib\operations\execute_operation.js:106:16)
[2023-12-13 02:29:35.309 PM] TypeError: genUserId is not a function
    at D:\Rwan\back-end node\training\project 2\server\src\controllers\auth.controller.js:7:27
    at asyncUtilWrap (D:\Rwan\back-end node\training\project 2\server\node_modules\express-async-handler\index.js:3:20)
    at Layer.handle [as handle_request] (D:\Rwan\back-end node\training\project 2\server\node_modules\express\lib\router\layer.js:95:5)
    at next (D:\Rwan\back-end node\training\project 2\server\node_modules\express\lib\router\route.js:144:13)
    at D:\Rwan\back-end node\training\project 2\server\src\middlewares\validationMiddleware.js:12:7
    at Layer.handle [as handle_request] (D:\Rwan\back-end node\training\project 2\server\node_modules\express\lib\router\layer.js:95:5)
    at next (D:\Rwan\back-end node\training\project 2\server\node_modules\express\lib\router\route.js:144:13)
    at Route.dispatch (D:\Rwan\back-end node\training\project 2\server\node_modules\express\lib\router\route.js:114:3)
    at Layer.handle [as handle_request] (D:\Rwan\back-end node\training\project 2\server\node_modules\express\lib\router\layer.js:95:5)
    at D:\Rwan\back-end node\training\project 2\server\node_modules\express\lib\router\index.js:284:15
[2023-12-13 02:32:18.390 PM] MongoServerError: E11000 duplicate key error collection: SEFF-tax-hub.users index: userId_1 dup key: { userId: null }
    at InsertOneOperation.execute (D:\Rwan\back-end node\training\project 2\server\node_modules\mongodb\lib\operations\insert.js:48:19)
    at process.processTicksAndRejections (node:internal/process/task_queues:95:5)
    at async executeOperationAsync (D:\Rwan\back-end node\training\project 2\server\node_modules\mongodb\lib\operations\execute_operation.js:106:16)
[2023-12-13 02:33:23.635 PM] MongoServerError: E11000 duplicate key error collection: SEFF-tax-hub.users index: userId_1 dup key: { userId: null }
    at InsertOneOperation.execute (D:\Rwan\back-end node\training\project 2\server\node_modules\mongodb\lib\operations\insert.js:48:19)
    at process.processTicksAndRejections (node:internal/process/task_queues:95:5)
    at async executeOperationAsync (D:\Rwan\back-end node\training\project 2\server\node_modules\mongodb\lib\operations\execute_operation.js:106:16)
[2023-12-13 02:33:45.472 PM] MongoServerError: E11000 duplicate key error collection: SEFF-tax-hub.users index: userId_1 dup key: { userId: null }
    at InsertOneOperation.execute (D:\Rwan\back-end node\training\project 2\server\node_modules\mongodb\lib\operations\insert.js:48:19)
    at process.processTicksAndRejections (node:internal/process/task_queues:95:5)
    at async executeOperationAsync (D:\Rwan\back-end node\training\project 2\server\node_modules\mongodb\lib\operations\execute_operation.js:106:16)
[2023-12-13 02:33:50.793 PM] MongoServerError: E11000 duplicate key error collection: SEFF-tax-hub.users index: userId_1 dup key: { userId: null }
    at InsertOneOperation.execute (D:\Rwan\back-end node\training\project 2\server\node_modules\mongodb\lib\operations\insert.js:48:19)
    at process.processTicksAndRejections (node:internal/process/task_queues:95:5)
    at async executeOperationAsync (D:\Rwan\back-end node\training\project 2\server\node_modules\mongodb\lib\operations\execute_operation.js:106:16)
[2023-12-13 02:42:27.117 PM] MongoServerError: E11000 duplicate key error collection: SEFF-tax-hub.users index: userId_1 dup key: { userId: null }
    at InsertOneOperation.execute (D:\Rwan\back-end node\training\project 2\server\node_modules\mongodb\lib\operations\insert.js:48:19)
    at process.processTicksAndRejections (node:internal/process/task_queues:95:5)
    at async executeOperationAsync (D:\Rwan\back-end node\training\project 2\server\node_modules\mongodb\lib\operations\execute_operation.js:106:16)
[2023-12-13 02:42:38.896 PM] MongoServerError: E11000 duplicate key error collection: SEFF-tax-hub.users index: userId_1 dup key: { userId: null }
    at InsertOneOperation.execute (D:\Rwan\back-end node\training\project 2\server\node_modules\mongodb\lib\operations\insert.js:48:19)
    at process.processTicksAndRejections (node:internal/process/task_queues:95:5)
    at async executeOperationAsync (D:\Rwan\back-end node\training\project 2\server\node_modules\mongodb\lib\operations\execute_operation.js:106:16)
[2023-12-13 02:46:00.334 PM] MongoServerError: E11000 duplicate key error collection: SEFF-tax-hub.users index: userId_1 dup key: { userId: null }
    at InsertOneOperation.execute (D:\Rwan\back-end node\training\project 2\server\node_modules\mongodb\lib\operations\insert.js:48:19)
    at process.processTicksAndRejections (node:internal/process/task_queues:95:5)
    at async executeOperationAsync (D:\Rwan\back-end node\training\project 2\server\node_modules\mongodb\lib\operations\execute_operation.js:106:16)
[2023-12-13 02:49:39.215 PM] MongoServerError: E11000 duplicate key error collection: SEFF-tax-hub.users index: userId_1 dup key: { userId: null }
    at InsertOneOperation.execute (D:\Rwan\back-end node\training\project 2\server\node_modules\mongodb\lib\operations\insert.js:48:19)
    at process.processTicksAndRejections (node:internal/process/task_queues:95:5)
    at async executeOperationAsync (D:\Rwan\back-end node\training\project 2\server\node_modules\mongodb\lib\operations\execute_operation.js:106:16)
[2023-12-13 09:57:58.141 PM] MongoServerError: E11000 duplicate key error collection: SEFF-tax-hub.users index: userId_1 dup key: { userId: null }
    at InsertOneOperation.execute (D:\Rwan\back-end node\training\project 2\server\node_modules\mongodb\lib\operations\insert.js:48:19)
    at process.processTicksAndRejections (node:internal/process/task_queues:95:5)
    at async executeOperationAsync (D:\Rwan\back-end node\training\project 2\server\node_modules\mongodb\lib\operations\execute_operation.js:106:16)
[2023-12-13 10:03:30.417 PM] MongoServerError: E11000 duplicate key error collection: SEFF-tax-hub.users index: userId_1 dup key: { userId: null }
    at InsertOneOperation.execute (D:\Rwan\back-end node\training\project 2\server\node_modules\mongodb\lib\operations\insert.js:48:19)
    at process.processTicksAndRejections (node:internal/process/task_queues:95:5)
    at async executeOperationAsync (D:\Rwan\back-end node\training\project 2\server\node_modules\mongodb\lib\operations\execute_operation.js:106:16)
[2023-12-13 10:08:07.409 PM] SyntaxError: Unexpected number in JSON at position 174
    at JSON.parse (<anonymous>)
    at parse (D:\Rwan\back-end node\training\project 2\server\node_modules\body-parser\lib\types\json.js:89:19)
    at D:\Rwan\back-end node\training\project 2\server\node_modules\body-parser\lib\read.js:128:18
    at AsyncResource.runInAsyncScope (node:async_hooks:203:9)
    at invokeCallback (D:\Rwan\back-end node\training\project 2\server\node_modules\raw-body\index.js:231:16)
    at done (D:\Rwan\back-end node\training\project 2\server\node_modules\raw-body\index.js:220:7)
    at IncomingMessage.onEnd (D:\Rwan\back-end node\training\project 2\server\node_modules\raw-body\index.js:280:7)
    at IncomingMessage.emit (node:events:517:28)
    at endReadableNT (node:internal/streams/readable:1368:12)
    at process.processTicksAndRejections (node:internal/process/task_queues:82:21)
[2023-12-13 10:08:46.473 PM] MongoServerError: E11000 duplicate key error collection: SEFF-tax-hub.users index: userId_1 dup key: { userId: null }
    at InsertOneOperation.execute (D:\Rwan\back-end node\training\project 2\server\node_modules\mongodb\lib\operations\insert.js:48:19)
    at process.processTicksAndRejections (node:internal/process/task_queues:95:5)
    at async executeOperationAsync (D:\Rwan\back-end node\training\project 2\server\node_modules\mongodb\lib\operations\execute_operation.js:106:16)
[2023-12-13 10:18:21.462 PM] TypeError: Cannot read properties of undefined (reading '_id')
    at paginate (D:\Rwan\back-end node\training\project 2\server\src\utils\pagination.js:14:79)
    at process.processTicksAndRejections (node:internal/process/task_queues:95:5)
    at async D:\Rwan\back-end node\training\project 2\server\src\controllers\user.controller.js:7:45
[2023-12-13 10:22:20.327 PM] MongoServerError: E11000 duplicate key error collection: SEFF-tax-hub.users index: userId_1 dup key: { userId: null }
    at InsertOneOperation.execute (D:\Rwan\back-end node\training\project 2\server\node_modules\mongodb\lib\operations\insert.js:48:19)
    at process.processTicksAndRejections (node:internal/process/task_queues:95:5)
    at async executeOperationAsync (D:\Rwan\back-end node\training\project 2\server\node_modules\mongodb\lib\operations\execute_operation.js:106:16)
[2023-12-13 10:37:41.795 PM] MongoServerError: E11000 duplicate key error collection: SEFF-tax-hub.users index: userId_1 dup key: { userId: null }
    at InsertOneOperation.execute (D:\Rwan\back-end node\training\project 2\server\node_modules\mongodb\lib\operations\insert.js:48:19)
    at process.processTicksAndRejections (node:internal/process/task_queues:95:5)
    at async executeOperationAsync (D:\Rwan\back-end node\training\project 2\server\node_modules\mongodb\lib\operations\execute_operation.js:106:16)
[2023-12-13 10:47:13.856 PM] MongoServerError: E11000 duplicate key error collection: SEFF-tax-hub.users index: userId_1 dup key: { userId: null }
    at InsertOneOperation.execute (D:\Rwan\back-end node\training\project 2\server\node_modules\mongodb\lib\operations\insert.js:48:19)
    at process.processTicksAndRejections (node:internal/process/task_queues:95:5)
    at async executeOperationAsync (D:\Rwan\back-end node\training\project 2\server\node_modules\mongodb\lib\operations\execute_operation.js:106:16)
[2023-12-13 10:50:27.470 PM] MongoServerError: E11000 duplicate key error collection: SEFF-tax-hub.users index: userId_1 dup key: { userId: null }
    at InsertOneOperation.execute (D:\Rwan\back-end node\training\project 2\server\node_modules\mongodb\lib\operations\insert.js:48:19)
    at process.processTicksAndRejections (node:internal/process/task_queues:95:5)
    at async executeOperationAsync (D:\Rwan\back-end node\training\project 2\server\node_modules\mongodb\lib\operations\execute_operation.js:106:16)
[2023-12-13 10:50:28.933 PM] MongoServerError: E11000 duplicate key error collection: SEFF-tax-hub.users index: userId_1 dup key: { userId: null }
    at InsertOneOperation.execute (D:\Rwan\back-end node\training\project 2\server\node_modules\mongodb\lib\operations\insert.js:48:19)
    at process.processTicksAndRejections (node:internal/process/task_queues:95:5)
    at async executeOperationAsync (D:\Rwan\back-end node\training\project 2\server\node_modules\mongodb\lib\operations\execute_operation.js:106:16)
