{"level":"http","message":"4814f444-2e54-4751-ac15-53dd8a2ca3d5 POST /tax-hub/auth/login 400 313 1745.890 ms","timestamp":"2023-12-19 12:36:58.371 AM"}
{"level":"http","message":"e26f0f29-fb2d-46b5-b9ed-6b115641b39a POST /tax-hub/auth/login 400 313 1.937 ms","timestamp":"2023-12-19 12:36:58.724 AM"}
{"level":"http","message":"0157e9bb-fab5-4f1b-8d10-2ef1e72318d7 POST /tax-hub/auth/login 400 313 0.875 ms","timestamp":"2023-12-19 12:36:58.729 AM"}
{"level":"http","message":"14b35a9a-df2e-4f1c-9a47-1fd7f5e8a785 POST /tax-hub/auth/login 400 313 1.114 ms","timestamp":"2023-12-19 12:36:58.732 AM"}
{"level":"http","message":"fb961737-9a91-4075-9452-1f0893468caa POST /tax-hub/auth/login 400 313 54.482 ms","timestamp":"2023-12-19 12:36:58.789 AM"}
{"level":"http","message":"c4f472f1-5fa3-41ae-9666-90d437e0feee POST /tax-hub/auth/login 400 313 1.808 ms","timestamp":"2023-12-19 12:36:58.821 AM"}
{"level":"http","message":"fb645e98-819c-4d43-b647-7e6071113752 POST /tax-hub/auth/login 400 313 3.226 ms","timestamp":"2023-12-19 12:36:58.828 AM"}
{"level":"http","message":"53148c3b-a355-4be5-975b-428a21d4f3f0 POST /tax-hub/auth/login 400 313 224.433 ms","timestamp":"2023-12-19 12:36:59.057 AM"}
{"level":"http","message":"d559c41e-484f-49fd-9182-6df3a741d17e POST /tax-hub/auth/login 400 313 1.526 ms","timestamp":"2023-12-19 12:37:23.049 AM"}
{"level":"http","message":"fb18b0eb-8607-47cc-9e4f-f002a5ed9c12 POST /tax-hub/auth/login 400 313 1.321 ms","timestamp":"2023-12-19 12:37:32.421 AM"}
{"level":"http","message":"8eb098c4-07ce-4e48-a2de-e8a81454eabb POST /tax-hub/auth/login 400 313 123.690 ms","timestamp":"2023-12-19 12:38:29.592 AM"}
{"level":"http","message":"4e631d9f-9aef-48aa-9d32-f56d9f8a0020 POST /tax-hub/auth/login 400 198 474.755 ms","timestamp":"2023-12-19 12:38:57.529 AM"}
{"level":"http","message":"54dd883c-1d3c-4c6a-8b01-4f2a9f5ab173 POST /tax-hub/auth/login 404 43 1538.366 ms","timestamp":"2023-12-19 12:40:04.838 AM"}
{"level":"http","message":"23362db8-a509-4994-97aa-b5572f0b0317 POST /tax-hub/auth/login 404 43 1579.729 ms","timestamp":"2023-12-19 12:40:04.843 AM"}
{"level":"http","message":"c817bce3-0f18-4f87-8051-682bd9ce5d8e POST /tax-hub/auth/login 404 43 11523.782 ms","timestamp":"2023-12-19 12:40:04.846 AM"}
{"level":"http","message":"a5f26d45-9a2b-4b1d-baa7-59f423d3d570 POST /tax-hub/auth/login 404 43 939.353 ms","timestamp":"2023-12-19 12:40:04.851 AM"}
{"level":"http","message":"4dcb163a-9dcd-4401-9795-2544cdefdc1a POST /tax-hub/auth/login 404 43 179.049 ms","timestamp":"2023-12-19 12:40:05.037 AM"}
{"level":"http","message":"822df49f-2e2a-43ed-9971-4fe12d6c122b POST /tax-hub/auth/register 400 154 6.547 ms","timestamp":"2023-12-19 06:38:54.677 PM"}
{"level":"http","message":"b8d50b01-2c95-46f0-8b81-4ff0fa16b098 POST /tax-hub/auth/register 400 154 1.246 ms","timestamp":"2023-12-19 06:38:55.523 PM"}
{"level":"http","message":"3938797d-4e48-45c9-b3d6-13f09473f0d8 POST /tax-hub/auth/register 400 154 0.858 ms","timestamp":"2023-12-19 06:38:56.062 PM"}
{"level":"http","message":"049493a9-62fe-48d8-9fea-20f0999e9673 POST /tax-hub/auth/register 400 154 1.168 ms","timestamp":"2023-12-19 06:38:56.617 PM"}
{"level":"http","message":"3f1a4f24-9947-4e52-9c86-fc0e6ef599cf POST /tax-hub/auth/register 400 154 2.025 ms","timestamp":"2023-12-19 06:39:07.280 PM"}
{"level":"http","message":"0503c973-a26c-440a-a110-230aba7bec29 POST /tax-hub/auth/register 400 154 1.193 ms","timestamp":"2023-12-19 06:39:42.203 PM"}
{"level":"http","message":"1d34ab0b-753b-448f-8b30-35a4c591999a POST /tax-hub/auth/register 400 154 0.782 ms","timestamp":"2023-12-19 06:39:43.648 PM"}
{"level":"http","message":"709e0459-16e9-40ec-b413-cc39b22127c6 POST /tax-hub/auth/register 400 154 1.210 ms","timestamp":"2023-12-19 06:40:11.600 PM"}
{"level":"http","message":"f094854b-6b09-4b71-8c9c-d1a2f0731896 POST /tax-hub/auth/register 400 198 16.874 ms","timestamp":"2023-12-19 06:40:33.126 PM"}
{"level":"http","message":"20d9128a-0662-4b72-8002-eaa89001fca8 POST /tax-hub/auth/register 201 72 276.867 ms","timestamp":"2023-12-19 06:40:54.256 PM"}
{"level":"http","message":"872d7084-958b-4829-9819-67578bd27eec POST /tax-hub/auth/register 400 66 12.207 ms","timestamp":"2023-12-19 06:42:19.689 PM"}
{"level":"http","message":"b8ebfd96-11ba-4d77-9208-de071253bdc4 POST /tax-hub/auth/register 201 72 77.874 ms","timestamp":"2023-12-19 06:42:30.122 PM"}
{"level":"http","message":"48cdf4a3-bc31-4be1-a072-509ca087e535 POST /tax-hub/auth/register 400 66 5.931 ms","timestamp":"2023-12-19 06:48:10.007 PM"}
{"level":"http","message":"5bcdd550-e451-49ea-8782-34818fd1716f POST /tax-hub/auth/register 400 66 4.179 ms","timestamp":"2023-12-19 06:48:14.339 PM"}
{"level":"http","message":"af914588-f873-4eb3-9e05-503789a71bd1 POST /tax-hub/auth/register 400 66 3.191 ms","timestamp":"2023-12-19 06:48:57.153 PM"}
{"level":"http","message":"84b4a9f0-ef6d-426e-981c-d4ea92fddb25 POST /tax-hub/auth/register 400 66 4.292 ms","timestamp":"2023-12-19 06:49:37.951 PM"}
{"level":"http","message":"25962144-4256-4cfa-a2bf-b4b98116768d POST /tax-hub/auth/register 400 66 3.477 ms","timestamp":"2023-12-19 06:49:39.184 PM"}
{"level":"http","message":"d24c5a78-43b3-4600-902e-465f5d57067e POST /tax-hub/auth/register 400 66 92.766 ms","timestamp":"2023-12-19 06:52:47.573 PM"}
{"level":"http","message":"a72cfa02-d862-482b-88fa-729b2bf0ca59 POST /tax-hub/auth/register 400 66 45.407 ms","timestamp":"2023-12-19 06:53:07.214 PM"}
{"level":"http","message":"11b1d2c0-23e5-4084-b17b-305d2c2553bb POST /tax-hub/auth/register 400 66 90.676 ms","timestamp":"2023-12-19 06:53:22.617 PM"}
{"level":"http","message":"321f21d6-fb65-4783-9abb-8fba41570f18 POST /tax-hub/auth/register 400 66 35.944 ms","timestamp":"2023-12-19 06:53:34.492 PM"}
{"level":"http","message":"312fcd32-8c34-4d26-b01b-d683e2634b10 POST /tax-hub/auth/register 400 66 7.213 ms","timestamp":"2023-12-19 06:53:53.128 PM"}
{"level":"http","message":"407f7f15-f509-4a44-8adb-225594348b35 POST /tax-hub/auth/register 400 66 70.842 ms","timestamp":"2023-12-19 06:54:07.769 PM"}
{"level":"http","message":"d27409d3-5f6f-4c40-a879-6aa93f0f3b8e POST /tax-hub/auth/register 400 66 3.936 ms","timestamp":"2023-12-19 06:54:09.041 PM"}
{"level":"http","message":"f7093934-0808-40a3-b567-c3ad6bde36c0 POST /tax-hub/auth/register 400 66 5.492 ms","timestamp":"2023-12-19 06:54:23.263 PM"}
{"level":"http","message":"39c67e2f-d172-4ae7-9f80-7fa69b15c539 POST /tax-hub/auth/register 400 66 3.258 ms","timestamp":"2023-12-19 06:54:25.103 PM"}
{"level":"http","message":"a0a1cc69-2c41-4f38-a9e6-86eb0e886aa4 POST /tax-hub/auth/register 400 66 3.130 ms","timestamp":"2023-12-19 06:54:26.071 PM"}
{"level":"http","message":"5f793aa0-e5e7-43a1-ab35-59b2cf284e43 POST /tax-hub/auth/register 400 66 4.333 ms","timestamp":"2023-12-19 06:54:38.388 PM"}
{"level":"http","message":"a719fcc7-55f3-4128-ae1d-9c1f6c1d62d4 POST /tax-hub/auth/register 400 66 2.490 ms","timestamp":"2023-12-19 06:54:52.953 PM"}
{"level":"http","message":"9c747c0d-3feb-4473-a8f5-03b383ca55f4 POST /tax-hub/auth/register 400 66 3.323 ms","timestamp":"2023-12-19 06:54:54.743 PM"}
{"level":"http","message":"31d84cd9-5ed6-42a9-bd2b-2710f9c2e778 POST /tax-hub/auth/register 400 83 93.438 ms","timestamp":"2023-12-19 06:58:40.946 PM"}
{"level":"http","message":"636caeba-92a9-4f5d-b282-077bb27d0816 POST /tax-hub/auth/register 400 83 48.271 ms","timestamp":"2023-12-19 06:58:48.801 PM"}
{"level":"http","message":"a099d362-29a4-4c4c-b67a-93ada95cf5af POST /tax-hub/auth/register 400 83 10.847 ms","timestamp":"2023-12-19 06:58:49.159 PM"}
{"level":"http","message":"d142b60e-0264-49f7-a0a2-95ee8d43336b POST /tax-hub/auth/register 400 83 1.063 ms","timestamp":"2023-12-19 06:58:52.935 PM"}
{"level":"http","message":"08724837-a973-4ff2-a9ba-5d658026340d POST /tax-hub/auth/register 400 83 0.913 ms","timestamp":"2023-12-19 06:58:54.465 PM"}
{"level":"http","message":"a8ad34da-18d4-4541-ad36-252e4a3d67af POST /tax-hub/auth/register 400 83 18.630 ms","timestamp":"2023-12-19 06:59:19.094 PM"}
{"level":"http","message":"7055d16f-8d28-4775-8feb-66ee30fc6530 POST /tax-hub/auth/register 400 83 1.102 ms","timestamp":"2023-12-19 06:59:21.203 PM"}
{"level":"http","message":"206b4b3e-202f-4c73-a1e5-6ec5f52ff0b7 POST /tax-hub/auth/register 400 83 20.496 ms","timestamp":"2023-12-19 06:59:51.889 PM"}
{"level":"http","message":"3cf951c8-da2c-4d92-bc07-2bd95fc54389 POST /tax-hub/auth/register 400 83 118.570 ms","timestamp":"2023-12-19 06:59:53.307 PM"}
{"level":"http","message":"13d8793a-8ce5-4257-9c84-53e71e886c83 POST /tax-hub/auth/register 400 83 74.383 ms","timestamp":"2023-12-19 06:59:54.137 PM"}
{"level":"http","message":"4b6fcc1d-b96d-43ba-937d-6390715dc491 POST /tax-hub/auth/register 400 83 1.339 ms","timestamp":"2023-12-19 07:00:16.643 PM"}
{"level":"http","message":"ad8e3df5-58a8-442b-98cb-ef7605733558 POST /tax-hub/auth/register 400 83 1.087 ms","timestamp":"2023-12-19 07:00:43.407 PM"}
{"level":"http","message":"e3775ded-e90e-4edd-b429-f8bab166f8ec POST /tax-hub/auth/register 400 83 1.995 ms","timestamp":"2023-12-19 07:02:33.369 PM"}
{"level":"http","message":"ac157720-846b-4b02-bbd7-d78464fe7410 POST /tax-hub/auth/register 400 83 0.795 ms","timestamp":"2023-12-19 07:02:34.386 PM"}
{"level":"http","message":"eac1af26-fae9-4873-87d0-9a15944cd12d POST /tax-hub/auth/register 400 66 104.137 ms","timestamp":"2023-12-19 07:02:47.916 PM"}
{"level":"http","message":"f895f75d-108c-426c-aa08-4fd326cdffcf POST /tax-hub/auth/register 400 66 18.696 ms","timestamp":"2023-12-19 07:03:10.087 PM"}
{"level":"http","message":"00b7c03a-8718-49f8-82a7-1cbae14e67dc POST /tax-hub/auth/register 400 66 3.459 ms","timestamp":"2023-12-19 07:03:38.734 PM"}
{"level":"http","message":"0cf306fe-6308-43b2-9207-a3552179a42f POST /tax-hub/auth/register 400 66 98.128 ms","timestamp":"2023-12-19 07:03:43.614 PM"}
{"level":"http","message":"7fd1a2e5-a3b3-4961-898e-0c5b6c6dc283 POST /tax-hub/auth/register 201 72 477.299 ms","timestamp":"2023-12-19 07:03:47.419 PM"}
{"level":"http","message":"e5d99cbe-ca9e-4909-8937-c9025da03e64 GET /tax-hub/users/get-all?page=1&fieldName=&fieldValue=&searchBy=userId&searchValue= 401 45 253.023 ms","timestamp":"2023-12-19 08:32:26.750 PM"}
{"level":"http","message":"7e216418-fee7-4de9-9bc7-49dba2f45a5d GET /tax-hub/users/get-all?page=1&fieldName=&fieldValue=&searchBy=userId&searchValue= 401 45 21.593 ms","timestamp":"2023-12-19 08:32:26.821 PM"}
{"level":"http","message":"1d863c41-4503-4c16-bad4-dcc27c1a3868 GET /tax-hub/users/get-all?page=1&fieldName=&fieldValue=&searchBy=userId&searchValue= 401 45 0.510 ms","timestamp":"2023-12-19 08:32:42.427 PM"}
{"level":"http","message":"f9b55c86-1611-4686-84d6-a60607268eb4 GET /tax-hub/users/get-all?page=1&fieldName=&fieldValue=&searchBy=userId&searchValue= 401 45 0.313 ms","timestamp":"2023-12-19 08:32:43.703 PM"}
{"level":"http","message":"206a00df-8e1a-4f0c-939c-252d5aa3def0 GET /tax-hub/users/get-all?page=1&fieldName=&fieldValue=&searchBy=userId&searchValue= 401 45 0.457 ms","timestamp":"2023-12-19 08:32:50.682 PM"}
{"level":"http","message":"9c655451-5571-4ced-a6be-85e43fc4cb82 GET /tax-hub/users/get-all?page=1&fieldName=&fieldValue=&searchBy=userId&searchValue= 401 45 40.061 ms","timestamp":"2023-12-19 08:32:51.755 PM"}
{"level":"http","message":"7c178a78-16c1-4096-8ea2-b46941091ae9 GET /tax-hub/users/get-all?page=1&fieldName=&fieldValue=&searchBy=userId&searchValue= 401 45 0.229 ms","timestamp":"2023-12-19 08:32:53.856 PM"}
{"level":"http","message":"4519e85f-90be-4cfc-af44-4bd1fbbdd8e8 GET /tax-hub/users/get-all?page=1&fieldName=&fieldValue=&searchBy=userId&searchValue= 401 45 0.286 ms","timestamp":"2023-12-19 08:33:28.216 PM"}
{"level":"http","message":"ba6d0cb0-a76d-4316-b375-2cd4e947ef8c GET /tax-hub/users/get-all?page=1&fieldName=&fieldValue=&searchBy=userId&searchValue= 401 45 0.313 ms","timestamp":"2023-12-19 08:33:28.237 PM"}
{"level":"http","message":"ad91b3e4-f812-4431-88b7-4fb097298449 GET /tax-hub/users/get-all?page=1&fieldName=&fieldValue=&searchBy=userId&searchValue= 401 45 0.430 ms","timestamp":"2023-12-19 08:34:03.672 PM"}
{"level":"http","message":"44ebb56f-0266-4b54-8e77-683085772b40 GET /tax-hub/users/get-all?page=1&fieldName=&fieldValue=&searchBy=userId&searchValue= 401 45 0.379 ms","timestamp":"2023-12-19 08:34:03.674 PM"}
{"level":"http","message":"83e0e06e-db43-4a63-8c7f-eb7e6465cc4f POST /tax-hub//auth/login 200 235 12587.439 ms","timestamp":"2023-12-19 08:37:25.205 PM"}
{"level":"http","message":"dcb65788-68da-40b7-859c-7ca9c97e329f GET /tax-hub/users/get-all?page=1&fieldName=&fieldValue=&searchBy=userId&searchValue= 401 45 0.344 ms","timestamp":"2023-12-19 08:37:36.605 PM"}
{"level":"http","message":"b175ca67-a1e7-4fd2-81e2-1c85b0a93dca GET /tax-hub/users/get-all?page=1&fieldName=&fieldValue=&searchBy=userId&searchValue= 401 45 15.311 ms","timestamp":"2023-12-19 08:37:36.635 PM"}
{"level":"http","message":"b1d47f5e-34c3-43ed-859e-88ae82c70d69 POST /tax-hub/auth/login 400 198 117.872 ms","timestamp":"2023-12-19 08:38:55.411 PM"}
{"level":"http","message":"6173732d-4729-4c9c-9f04-fdc951fd2f35 POST /tax-hub/auth/login 400 198 0.909 ms","timestamp":"2023-12-19 08:39:03.049 PM"}
{"level":"http","message":"29ea0309-1fe2-4b1c-a956-23408f5d0d9b POST /tax-hub/auth/login 200 235 84.668 ms","timestamp":"2023-12-19 08:39:20.439 PM"}
{"level":"http","message":"32f8102e-1c2d-407f-80b7-9ffd0d647fe8 GET /tax-hub/users/get-all?page=1&fieldName=&fieldValue=&searchBy=userId&searchValue= 200 509 1720.130 ms","timestamp":"2023-12-19 08:41:31.135 PM"}
{"level":"http","message":"8dfabfad-7657-4bd3-ad8f-958724f5d0ff GET /tax-hub/users/get-all?page=1&fieldName=&fieldValue=&searchBy=userId&searchValue= 200 509 837.227 ms","timestamp":"2023-12-19 08:41:31.152 PM"}
{"level":"http","message":"9920126b-73b1-424d-a964-e24c4c04c2d2 GET /tax-hub/users/get-all?page=1&fieldName=&fieldValue=&searchBy=userId&searchValue= 304 - 75.570 ms","timestamp":"2023-12-19 08:42:11.195 PM"}
{"level":"http","message":"104ad25e-d95d-49c4-93d5-428e897df93e GET /tax-hub/users/get-all?page=1&fieldName=&fieldValue=&searchBy=userId&searchValue= 200 509 51.930 ms","timestamp":"2023-12-19 08:42:11.200 PM"}
{"level":"http","message":"d7453b58-ff4f-4397-b170-116639bf52a2 GET /tax-hub/users/get-all?page=1&fieldName=&fieldValue=&searchBy=userId&searchValue= 304 - 38.842 ms","timestamp":"2023-12-19 08:43:05.551 PM"}
{"level":"http","message":"256c3965-c90c-4404-866c-8b1273d55dcb GET /tax-hub/users/get-all?page=1&fieldName=&fieldValue=&searchBy=userId&searchValue= 200 509 59.809 ms","timestamp":"2023-12-19 08:43:07.990 PM"}
{"level":"http","message":"2cb47d22-8f74-43af-bd55-6e03a0890b79 GET /tax-hub/users/get-all?page=1&fieldName=&fieldValue=&searchBy=userId&searchValue= 304 - 111.480 ms","timestamp":"2023-12-19 08:43:08.008 PM"}
{"level":"http","message":"1749e72f-d2fb-474c-8ed2-f134c082c2f2 GET /tax-hub/users/get-all?page=1&fieldName=&fieldValue=&searchBy=userId&searchValue= 304 - 150.775 ms","timestamp":"2023-12-19 08:43:28.529 PM"}
{"level":"http","message":"3c96ffce-b133-435e-81ad-979fef5fb80e GET /tax-hub/users/get-all?page=1&fieldName=&fieldValue=&searchBy=userId&searchValue= 200 509 166.111 ms","timestamp":"2023-12-19 08:43:28.549 PM"}
{"level":"http","message":"4672031d-e066-4c1e-a842-af561ee76dea GET /tax-hub/users/get-all?page=1&fieldName=&fieldValue=&searchBy=userId&searchValue= 304 - 40.801 ms","timestamp":"2023-12-19 08:44:03.770 PM"}
{"level":"http","message":"a183fcf8-e967-4000-a6c5-a5d648cdd9e7 GET /tax-hub/users/get-all?page=1&fieldName=&fieldValue=&searchBy=userId&searchValue= 304 - 98.676 ms","timestamp":"2023-12-19 08:44:07.828 PM"}
{"level":"http","message":"0152c7dc-6899-4e69-9fd5-94145295b702 GET /tax-hub/users/get-all?page=1&fieldName=&fieldValue=&searchBy=userId&searchValue= 200 509 73.248 ms","timestamp":"2023-12-19 08:44:07.829 PM"}
{"level":"http","message":"2198dd0d-1a5f-4a3a-a43c-0d3ddf1ba9e5 GET /tax-hub/users/get-all?page=1&fieldName=&fieldValue=&searchBy=userId&searchValue= 304 - 4.783 ms","timestamp":"2023-12-19 08:44:19.137 PM"}
{"level":"http","message":"b07bb422-6184-48f7-ac19-2522d9985804 GET /tax-hub/users/get-all?page=1&fieldName=&fieldValue=&searchBy=userId&searchValue= 304 - 147.033 ms","timestamp":"2023-12-19 08:45:53.606 PM"}
{"level":"http","message":"1104f980-e761-43f6-b090-c03b17cf3c96 GET /tax-hub/users/get-all?page=1&fieldName=&fieldValue=&searchBy=userId&searchValue= 200 509 138.332 ms","timestamp":"2023-12-19 08:45:53.617 PM"}
{"level":"http","message":"40035153-9d98-41cf-b776-9ca30d82258b GET /tax-hub/users/get-all?page=1&fieldName=&fieldValue=&searchBy=userId&searchValue= 304 - 38.680 ms","timestamp":"2023-12-19 08:46:13.046 PM"}
{"level":"http","message":"ec52fd81-e1ef-4404-9f32-41729e6f05c3 GET /tax-hub/users/get-all?page=1&fieldName=&fieldValue=&searchBy=userId&searchValue= 304 - 154.594 ms","timestamp":"2023-12-19 08:46:17.041 PM"}
{"level":"http","message":"7f2c9381-2b6c-4352-932a-e7e6844cffb9 GET /tax-hub/users/get-all?page=1&fieldName=&fieldValue=&searchBy=userId&searchValue= 304 - 28.701 ms","timestamp":"2023-12-19 08:47:03.373 PM"}
{"level":"http","message":"f4e1e690-8690-4d44-9874-ccaaa59b67a1 GET /tax-hub/users/get-all?page=1&fieldName=&fieldValue=&searchBy=userId&searchValue= 200 509 274.063 ms","timestamp":"2023-12-19 08:47:03.643 PM"}
{"level":"http","message":"3f04c4d4-02c7-4efe-b84e-1fdc1bc50b3d GET /tax-hub/users/get-all?page=1&fieldName=&fieldValue=&searchBy=userId&searchValue= 304 - 207.313 ms","timestamp":"2023-12-19 08:49:05.658 PM"}
{"level":"http","message":"f379ce09-6f03-4644-80e0-0ea082862d1a GET /tax-hub/users/get-all?page=1&fieldName=&fieldValue=&searchBy=userId&searchValue= 200 509 158.994 ms","timestamp":"2023-12-19 08:49:05.679 PM"}
{"level":"http","message":"6276d02c-b3b9-48e4-95f7-11da585ed159 GET /tax-hub/users/get-all?page=1&fieldName=&fieldValue=&searchBy=userId&searchValue= 304 - 99.639 ms","timestamp":"2023-12-19 08:49:09.380 PM"}
{"level":"http","message":"13dd08fe-4b16-4dbf-844f-a7eb266cb342 GET /tax-hub/users/get-all?page=1&fieldName=&fieldValue=&searchBy=userId&searchValue= 200 509 43.523 ms","timestamp":"2023-12-19 08:49:09.419 PM"}
{"level":"http","message":"a9c8c19c-129d-4cba-a8ad-2dd9e14a1e02 GET /tax-hub/users/get-all?page=1&fieldName=&fieldValue=&searchBy=userId&searchValue= 304 - 98.294 ms","timestamp":"2023-12-19 08:49:16.112 PM"}
{"level":"http","message":"3822a1d8-0bec-42c6-b4e2-e008d1ddad95 GET /tax-hub/users/get-all?page=1&fieldName=&fieldValue=&searchBy=userId&searchValue= 200 509 166.778 ms","timestamp":"2023-12-19 08:49:16.220 PM"}
{"level":"http","message":"7e5127ef-9a56-4ff4-9963-09917cdc9c64 GET /tax-hub/users/get-all?page=1&fieldName=&fieldValue=&searchBy=userId&searchValue= 304 - 20.375 ms","timestamp":"2023-12-19 08:50:09.220 PM"}
{"level":"http","message":"91e8c841-fb37-48b6-b894-869ff828d5d8 GET /tax-hub/users/get-all?page=1&fieldName=&fieldValue=&searchBy=userId&searchValue= 304 - 348.549 ms","timestamp":"2023-12-19 08:51:33.158 PM"}
{"level":"http","message":"da3d8a2c-7603-4468-b604-051e8a2155d8 GET /tax-hub/users/get-all?page=1&fieldName=&fieldValue=&searchBy=userId&searchValue= 304 - 36.569 ms","timestamp":"2023-12-19 08:51:46.156 PM"}
{"level":"http","message":"8b3f5d84-4998-4797-b4cf-8e83f434969d GET /tax-hub/users/get-all?page=1&fieldName=&fieldValue=&searchBy=userId&searchValue= 304 - 17.127 ms","timestamp":"2023-12-19 08:51:49.447 PM"}
{"level":"http","message":"4027ba72-7479-4046-a93c-612ed90f70cf GET /tax-hub/users/get-all?page=1&fieldName=&fieldValue=&searchBy=userId&searchValue= 304 - 134.803 ms","timestamp":"2023-12-19 08:52:43.241 PM"}
{"level":"http","message":"dabaaad2-b888-4afb-8a4d-bf3783f9ed70 GET /tax-hub/users/get-all?page=1&fieldName=&fieldValue=&searchBy=userId&searchValue= 200 509 36.117 ms","timestamp":"2023-12-19 08:52:43.242 PM"}
{"level":"http","message":"4b17c83c-51b4-44a7-875c-d4abd176b565 GET /tax-hub/users/get-all?page=1&fieldName=&fieldValue=&searchBy=userId&searchValue= 304 - 137.316 ms","timestamp":"2023-12-19 08:54:00.534 PM"}
{"level":"http","message":"f20ac9f4-c9a5-4b9f-9fbb-6acc35e26caf GET /tax-hub/users/get-all?page=1&fieldName=&fieldValue=&searchBy=userId&searchValue= 200 509 6.268 ms","timestamp":"2023-12-19 08:54:00.537 PM"}
{"level":"http","message":"84f84af5-0c12-4663-96e1-aa3cf6c8d193 GET /tax-hub/users/get-all?page=1&fieldName=&fieldValue=&searchBy=userId&searchValue= 304 - 667.247 ms","timestamp":"2023-12-19 08:54:05.403 PM"}
{"level":"http","message":"5bead1f7-f52b-4024-9a71-a94ac5c21482 GET /tax-hub/users/get-all?page=1&fieldName=&fieldValue=&searchBy=userId&searchValue= 304 - 73.536 ms","timestamp":"2023-12-19 08:54:13.177 PM"}
{"level":"http","message":"a360a953-02e8-4a50-acb5-63a9d4c5edd7 GET /tax-hub/users/get-all?page=1&fieldName=&fieldValue=&searchBy=userId&searchValue= 304 - 181.880 ms","timestamp":"2023-12-19 08:54:50.603 PM"}
{"level":"http","message":"cef52708-3490-48e2-9233-29429d8103c1 GET /tax-hub/users/get-all?page=1&fieldName=&fieldValue=&searchBy=userId&searchValue= 200 509 153.504 ms","timestamp":"2023-12-19 08:54:50.605 PM"}
{"level":"http","message":"4a068695-38dc-4742-9805-568ad898639c GET /tax-hub/users/get-all?page=1&fieldName=&fieldValue=&searchBy=userId&searchValue= 304 - 95.452 ms","timestamp":"2023-12-19 08:54:57.187 PM"}
{"level":"http","message":"fc5b00c3-0fa1-476c-9df8-0297d6e37cef GET /tax-hub/users/get-all?page=1&fieldName=&fieldValue=&searchBy=userId&searchValue= 304 - 4.446 ms","timestamp":"2023-12-19 08:55:08.129 PM"}
{"level":"http","message":"76b78dd6-987c-4e8d-9bb3-b06c416e7015 GET /tax-hub/users/get-all?page=1&fieldName=&fieldValue=&searchBy=userId&searchValue= 304 - 72.849 ms","timestamp":"2023-12-19 08:55:10.737 PM"}
{"level":"http","message":"294ce297-32eb-4d1d-bb3c-a7acaffeb8e3 GET /tax-hub/users/get-all?page=1&fieldName=&fieldValue=&searchBy=userId&searchValue= 304 - 5.145 ms","timestamp":"2023-12-19 08:55:14.004 PM"}
{"level":"http","message":"3bf49095-8109-4341-9cb7-c16b4773910e GET /tax-hub/users/get-all?page=1&fieldName=&fieldValue=&searchBy=userId&searchValue= 304 - 59.910 ms","timestamp":"2023-12-19 08:55:17.036 PM"}
{"level":"http","message":"f2549f7f-665b-41da-bf8b-e8b7db8a3db7 GET /tax-hub/users/get-all?page=1&fieldName=&fieldValue=&searchBy=userId&searchValue= 304 - 7.008 ms","timestamp":"2023-12-19 08:56:29.503 PM"}
{"level":"http","message":"65998430-6cc0-47c7-a6ee-553d81df5c79 GET /tax-hub/users/get-all?page=1&fieldName=&fieldValue=&searchBy=userId&searchValue= 200 509 40.474 ms","timestamp":"2023-12-19 08:57:30.239 PM"}
{"level":"http","message":"5240a5f7-5333-471c-90e0-dce39c26d332 GET /tax-hub/users/get-all?page=1&fieldName=&fieldValue=&searchBy=userId&searchValue= 304 - 31.211 ms","timestamp":"2023-12-19 08:58:02.560 PM"}
{"level":"http","message":"47f604f4-5804-490a-b23a-77db3a791b20 GET /tax-hub/users/get-all?page=1&fieldName=&fieldValue=&searchBy=userId&searchValue= 200 509 129.542 ms","timestamp":"2023-12-19 08:58:02.665 PM"}
{"level":"http","message":"b49bfd99-da77-4b12-bc8e-926cd339459b DELETE /tax-hub/users/delete-user/undefined 400 45 326.229 ms","timestamp":"2023-12-19 08:58:04.902 PM"}
{"level":"http","message":"babcf340-a044-44dd-9ad6-14b589df4c67 DELETE /tax-hub/users/delete-user/undefined 400 45 0.991 ms","timestamp":"2023-12-19 08:58:05.403 PM"}
{"level":"http","message":"fa1a0810-d798-422a-8959-bde952f393a0 GET /tax-hub/users/get-one/undefined 400 45 0.629 ms","timestamp":"2023-12-19 08:58:11.922 PM"}
{"level":"http","message":"ab30e325-ef06-4c51-8fe8-a16e3433e6e5 GET /tax-hub/users/get-all?page=1&fieldName=&fieldValue=&searchBy=userId&searchValue= 304 - 9.922 ms","timestamp":"2023-12-19 08:58:25.790 PM"}
{"level":"http","message":"f819d0c7-6195-42a9-b9f8-e2697b5b7fb3 GET /tax-hub/users/get-all?page=1&fieldName=&fieldValue=&searchBy=userId&searchValue= 304 - 10.364 ms","timestamp":"2023-12-19 08:58:25.825 PM"}
{"level":"http","message":"bd2e9086-07e1-4acb-a6c3-8c9221681cd4 GET /tax-hub/users/get-all?page=1&fieldName=&fieldValue=&searchBy=userId&searchValue= 200 509 290.806 ms","timestamp":"2023-12-19 09:01:55.550 PM"}
{"level":"http","message":"d80a0f34-33bf-412a-b34e-38e28ca5bf9a GET /tax-hub/users/get-all?page=1&fieldName=&fieldValue=&searchBy=userId&searchValue= 304 - 40.523 ms","timestamp":"2023-12-19 09:01:55.551 PM"}
{"level":"http","message":"30fb7bb8-3552-44a4-bda7-45d6edcaa2f2 GET /tax-hub/users/get-all?page=1&fieldName=&fieldValue=&searchBy=userId&searchValue= 304 - 8.282 ms","timestamp":"2023-12-19 09:01:57.685 PM"}
{"level":"http","message":"8cf0b327-5911-49cf-b4d3-fab44b22ffcc GET /tax-hub/users/get-all?page=1&fieldName=&fieldValue=&searchBy=userId&searchValue= 200 509 6.922 ms","timestamp":"2023-12-19 09:01:57.687 PM"}
{"level":"http","message":"89904aaf-118d-4f69-8e97-00a14813316f GET /tax-hub/users/get-all?page=1&fieldName=&fieldValue=&searchBy=userId&searchValue= 304 - 8.703 ms","timestamp":"2023-12-19 09:03:51.617 PM"}
{"level":"http","message":"4d9d23ab-8c77-4243-84e5-75abaa79ed5f GET /tax-hub/users/get-all?page=1&fieldName=&fieldValue=&searchBy=userId&searchValue= 200 509 34.345 ms","timestamp":"2023-12-19 09:03:51.646 PM"}
{"level":"http","message":"2d146e33-4a6f-4b0b-8cdb-218219e1eb51 GET /tax-hub/users/get-all?page=1&fieldName=&fieldValue=&searchBy=userId&searchValue= 304 - 48.209 ms","timestamp":"2023-12-19 09:04:17.132 PM"}
{"level":"http","message":"9a667da5-bc6c-4db7-8f34-ae52b4c561c0 GET /tax-hub/users/get-all?page=1&fieldName=&fieldValue=&searchBy=userId&searchValue= 200 509 49.595 ms","timestamp":"2023-12-19 09:04:17.183 PM"}
{"level":"http","message":"9f4a18f8-bacb-4f8b-9f08-017c42db32fe GET /tax-hub/users/get-all?page=1&fieldName=&fieldValue=&searchBy=userId&searchValue= 304 - 43.762 ms","timestamp":"2023-12-19 09:07:53.840 PM"}
{"level":"http","message":"753d206c-c312-4934-8ee6-83465c2abf2a GET /tax-hub/users/get-all?page=1&fieldName=&fieldValue=&searchBy=userId&searchValue= 200 509 453.700 ms","timestamp":"2023-12-19 09:07:54.263 PM"}
{"level":"http","message":"def394ca-f072-4bf7-96ac-a98e23dbd24b GET /tax-hub/users/get-all?page=1&fieldName=&fieldValue=&searchBy=userId&searchValue= 304 - 1806.609 ms","timestamp":"2023-12-19 09:19:26.758 PM"}
{"level":"http","message":"b2752754-45a4-4438-ac8e-ec5a3411f685 GET /tax-hub/users/get-all?page=1&fieldName=&fieldValue=&searchBy=userId&searchValue= 200 509 729.158 ms","timestamp":"2023-12-19 09:19:26.912 PM"}
{"level":"http","message":"daeb1be3-da6b-4213-9e56-892b74f3307d DELETE /tax-hub/users/delete-user/undefined 400 45 87.397 ms","timestamp":"2023-12-19 09:19:37.384 PM"}
{"level":"http","message":"76924b47-4daa-492b-875a-bd3848fdc498 GET /tax-hub/users/get-all?page=1&fieldName=&fieldValue=&searchBy=userId&searchValue= 304 - 811.413 ms","timestamp":"2023-12-19 09:19:55.974 PM"}
{"level":"http","message":"2409b665-e147-4a06-beb7-61a6164d930c GET /tax-hub/users/get-all?page=1&fieldName=&fieldValue=&searchBy=userId&searchValue= 304 - 79.905 ms","timestamp":"2023-12-19 09:19:58.350 PM"}
{"level":"http","message":"880e23f7-1add-4e5d-83c1-31407a4866ce DELETE /tax-hub/users/delete-user/undefined 400 45 0.524 ms","timestamp":"2023-12-19 09:20:02.403 PM"}
{"level":"http","message":"551b1970-eac9-4c7b-b9fa-c7dccb74a79c GET /tax-hub/users/get-all?page=1&fieldName=&fieldValue=&searchBy=userId&searchValue= 304 - 6.948 ms","timestamp":"2023-12-19 09:20:06.333 PM"}
{"level":"http","message":"12d47a00-8263-43ba-bfad-887e9d32fc11 GET /tax-hub/users/get-all?page=1&fieldName=&fieldValue=&searchBy=userId&searchValue= 304 - 56.284 ms","timestamp":"2023-12-19 09:20:06.500 PM"}
{"level":"http","message":"1e3c2cea-7e15-4310-a820-72a98d90605d DELETE /tax-hub/users/delete-user/undefined 400 45 0.520 ms","timestamp":"2023-12-19 09:20:07.604 PM"}
{"level":"http","message":"cc7acaa2-2d62-4512-bb2c-aba3a9ba48af DELETE /tax-hub/users/delete-user/undefined 400 45 0.601 ms","timestamp":"2023-12-19 09:20:08.882 PM"}
{"level":"http","message":"b75ae329-827d-41f2-b849-74f8a1f7fc18 DELETE /tax-hub/users/delete-user/undefined 400 45 0.326 ms","timestamp":"2023-12-19 09:20:36.724 PM"}
{"level":"http","message":"7b4461cd-5d1e-48a9-a021-3dd95c0ded3a GET /tax-hub/users/get-all?page=1&fieldName=&fieldValue=&searchBy=userId&searchValue= 304 - 10.601 ms","timestamp":"2023-12-19 09:20:46.768 PM"}
{"level":"http","message":"af4f8940-90ae-4b5c-992c-940528512e63 GET /tax-hub/users/get-all?page=1&fieldName=&fieldValue=&searchBy=userId&searchValue= 304 - 41.807 ms","timestamp":"2023-12-19 09:20:46.880 PM"}
{"level":"http","message":"e7e77d66-d48b-4deb-a8af-b2ce8edd3f36 POST /tax-hub/auth/register 201 72 371.373 ms","timestamp":"2023-12-19 09:30:43.179 PM"}
{"level":"http","message":"10cf94bd-64c9-451b-92d8-d51201696773 POST /tax-hub/auth/register 201 72 192.339 ms","timestamp":"2023-12-19 09:42:07.346 PM"}
{"level":"http","message":"7e0077ff-7ba9-46be-bafa-7c0c1c8a4864 GET /tax-hub/users/get-all?page=1&fieldName=&fieldValue=&searchBy=userId&searchValue= 200 1122 168.041 ms","timestamp":"2023-12-19 09:43:08.763 PM"}
{"level":"http","message":"d4ddabc3-f117-40c7-84af-d3bf80e731a8 GET /tax-hub/users/get-all?page=1&fieldName=&fieldValue=&searchBy=userId&searchValue= 200 1122 944.184 ms","timestamp":"2023-12-19 09:43:08.845 PM"}
{"level":"http","message":"226b464f-36e1-4b83-9931-de214622f08f GET /tax-hub/users/get-all?page=1&fieldName=&fieldValue=&searchBy=userId&searchValue= 200 1122 10.090 ms","timestamp":"2023-12-19 09:43:53.783 PM"}
{"level":"http","message":"36072cef-555b-4bf8-ab1c-16eb5001eba1 DELETE /tax-hub/users/delete-user/undefined 400 45 1.895 ms","timestamp":"2023-12-19 09:44:14.810 PM"}
{"level":"http","message":"6a602dba-1c21-4616-a42c-d2eea0933fce DELETE /tax-hub/users/delete-user/undefined 400 45 1.360 ms","timestamp":"2023-12-19 09:44:19.995 PM"}
{"level":"http","message":"c4fd2f84-9472-45d4-aee9-104690999f3f GET /tax-hub/users/get-all?page=1&fieldName=&fieldValue=&searchBy=userId&searchValue= 200 1122 30.319 ms","timestamp":"2023-12-19 09:44:25.853 PM"}
{"level":"http","message":"83846dbb-58cc-4c45-9156-1fcc8ac41396 GET /tax-hub/users/get-all?page=1&fieldName=&fieldValue=&searchBy=userId&searchValue= 200 1122 47.521 ms","timestamp":"2023-12-19 09:44:25.871 PM"}
{"level":"http","message":"9ce233a1-7480-4320-b288-5e10e2dd00ee GET /tax-hub/users/get-all?page=1&fieldName=&fieldValue=&searchBy=userId&searchValue= 200 1122 24.462 ms","timestamp":"2023-12-19 09:45:24.684 PM"}
{"level":"http","message":"08427c1e-06d9-4d44-8b57-dda68d18a403 GET /tax-hub/users/get-all?page=1&fieldName=&fieldValue=&searchBy=userId&searchValue= 200 1122 198.779 ms","timestamp":"2023-12-19 09:46:55.076 PM"}
{"level":"http","message":"067868c2-0586-492c-8eb1-1a962f406837 GET /tax-hub/users/get-all?page=1&fieldName=&fieldValue=&searchBy=userId&searchValue= 200 1122 670.888 ms","timestamp":"2023-12-19 09:47:00.741 PM"}
{"level":"http","message":"c6412b8d-8a35-4b43-a7a0-88096f899691 GET /tax-hub/users/get-all?page=1&fieldName=&fieldValue=&searchBy=userId&searchValue= 200 1122 110.626 ms","timestamp":"2023-12-19 09:47:00.749 PM"}
{"level":"http","message":"a3fcb8e4-ab83-4209-a320-a0ebdcb20b70 DELETE /tax-hub/users/delete-user/undefined 400 45 0.631 ms","timestamp":"2023-12-19 09:47:04.700 PM"}
{"level":"http","message":"d896bfcc-89a3-4472-87f9-bfbeec2483fd DELETE /tax-hub/users/delete-user/undefined 400 45 0.390 ms","timestamp":"2023-12-19 09:47:07.553 PM"}
{"level":"http","message":"1e9c332f-73e0-4962-ad78-cc1fd22fd3ac GET /tax-hub/users/get-all?page=1&fieldName=&fieldValue=&searchBy=userId&searchValue= 200 1122 201.837 ms","timestamp":"2023-12-19 09:48:25.755 PM"}
{"level":"http","message":"aae3720a-0fcc-4d82-8bce-6110de3a6bc8 GET /tax-hub/users/get-all?page=1&fieldName=&fieldValue=&searchBy=userId&searchValue= 200 1122 89.319 ms","timestamp":"2023-12-19 09:48:25.766 PM"}
{"level":"http","message":"e9a13ea0-53b9-4a03-acbc-d8550ff386b1 DELETE /tax-hub/users/delete-user/6581ef620cdf5c7e18d065bc 200 50 479.857 ms","timestamp":"2023-12-19 09:48:29.174 PM"}
{"level":"http","message":"21b5a91d-c640-46b1-bb5c-f63e830a17ca GET /tax-hub/users/get-all?page=1&fieldName=&fieldValue=&searchBy=userId&searchValue= 200 853 12.841 ms","timestamp":"2023-12-19 09:48:29.241 PM"}
{"level":"http","message":"e83b37ae-f004-47c5-b301-e789122ee31e DELETE /tax-hub/users/delete-user/6581c7f6ede969785633f66a 200 50 88.887 ms","timestamp":"2023-12-19 09:48:34.126 PM"}
{"level":"http","message":"b5023221-169c-42d5-ad25-39240826dec5 GET /tax-hub/users/get-all?page=1&fieldName=&fieldValue=&searchBy=userId&searchValue= 200 608 109.015 ms","timestamp":"2023-12-19 09:48:34.372 PM"}
{"level":"http","message":"92c286a2-cd7e-4a0c-a42b-fc41f355ad6b DELETE /tax-hub/users/delete-user/6581ccf3ede969785633f683 200 50 9.412 ms","timestamp":"2023-12-19 09:48:38.518 PM"}
{"level":"http","message":"264d1c2d-e320-48d2-b66e-b8bdb69ee513 GET /tax-hub/users/get-all?page=1&fieldName=&fieldValue=&searchBy=userId&searchValue= 200 356 8.714 ms","timestamp":"2023-12-19 09:48:38.538 PM"}
{"level":"http","message":"e242117f-92db-45ea-a380-83a38c66d1de GET /tax-hub/users/get-one/6581f20f73fa7d8fcd969c62 200 299 63.677 ms","timestamp":"2023-12-19 09:48:43.636 PM"}
{"level":"http","message":"4f134004-f74b-4a4e-a802-0b0c6c4749f4 GET /tax-hub/users/get-all?page=1&fieldName=&fieldValue=&searchBy=userId&searchValue= 304 - 244.812 ms","timestamp":"2023-12-19 09:53:17.626 PM"}
{"level":"http","message":"95707e6f-b685-4e04-a8d8-fa17416079c0 GET /tax-hub/users/get-all?page=1&fieldName=&fieldValue=&searchBy=userId&searchValue= 200 356 322.159 ms","timestamp":"2023-12-19 09:53:17.734 PM"}
{"level":"http","message":"864a5711-9be5-4ed9-ab3b-e8378ffde20f GET /tax-hub/users/get-all?page=1&fieldName=&fieldValue=&searchBy=userId&searchValue= 200 356 29.057 ms","timestamp":"2023-12-19 09:54:37.776 PM"}
{"level":"http","message":"93144643-b83e-44fe-9aa1-ca02b15348df GET /tax-hub/users/get-all?page=1&fieldName=&fieldValue=&searchBy=userId&searchValue= 304 - 37.859 ms","timestamp":"2023-12-19 09:54:37.779 PM"}
{"level":"http","message":"75330d50-575e-4404-97db-2f7d520daa3a POST /tax-hub/users/create-by-admin 400 137 1287.007 ms","timestamp":"2023-12-19 10:08:45.686 PM"}
{"level":"http","message":"6643cec2-1be4-4cc0-b1f4-0cd5b8c7f577 POST /tax-hub/users/create-by-admin 400 137 128.339 ms","timestamp":"2023-12-19 10:10:24.084 PM"}
{"level":"http","message":"9a9d2062-0784-4ff8-b7d8-2e1e25e5d0d3 POST /tax-hub/users/create-by-admin 400 89 8.790 ms","timestamp":"2023-12-19 10:11:01.047 PM"}
{"level":"http","message":"7f04105e-a075-4d65-af88-2d1541570051 POST /tax-hub/users/create-by-admin 400 89 2.623 ms","timestamp":"2023-12-19 10:11:37.021 PM"}
{"level":"http","message":"dc05042f-dbec-4fe8-a6b5-cbc0d4ddfc25 POST /tax-hub/users/create-by-admin 400 89 3.487 ms","timestamp":"2023-12-19 10:11:39.349 PM"}
{"level":"http","message":"8580d419-9472-49b2-a5e9-b87762bba66d POST /tax-hub/users/create-by-admin 400 89 4.225 ms","timestamp":"2023-12-19 10:11:55.459 PM"}
{"level":"http","message":"d417459a-dbf8-4ef2-9b56-1bf8c1ccab78 POST /tax-hub/users/create-by-admin 400 89 35.476 ms","timestamp":"2023-12-19 10:11:57.004 PM"}
{"level":"http","message":"d623fd3e-3f43-4784-8575-798fbba58d59 POST /tax-hub/users/create-by-admin 400 89 2.733 ms","timestamp":"2023-12-19 10:11:58.163 PM"}
{"level":"http","message":"5f9350de-b9b0-41ec-804b-56eea5ed179a POST /tax-hub/users/create-by-admin 400 89 4.937 ms","timestamp":"2023-12-19 10:12:08.822 PM"}
{"level":"http","message":"d36f6244-e69f-4f05-92e6-338db01806e4 POST /tax-hub/users/create-by-admin 400 89 4.264 ms","timestamp":"2023-12-19 10:12:10.003 PM"}
{"level":"http","message":"4e53a2bc-b99c-4b57-af8b-65e53b540721 POST /tax-hub/users/create-by-admin 400 89 3.837 ms","timestamp":"2023-12-19 10:13:12.206 PM"}
{"level":"http","message":"4c0674f7-666b-4bb3-af36-862d3139cade POST /tax-hub/users/create-by-admin 400 61 189.379 ms","timestamp":"2023-12-19 10:14:41.839 PM"}
{"level":"http","message":"5ffe9463-fd57-402e-98d9-c5a980609d9e POST /tax-hub/users/create-by-admin 201 298 401.181 ms","timestamp":"2023-12-19 10:14:49.765 PM"}
{"level":"http","message":"dc607efc-dc5c-4a1f-aa36-1b24131f5017 GET /tax-hub/users/get-all?page=1&fieldName=&fieldValue=&searchBy=userId&searchValue= 200 631 5421.644 ms","timestamp":"2023-12-19 10:53:15.383 PM"}
{"level":"http","message":"3780bb5d-ec8d-43c7-b102-8fddc87fa789 GET /tax-hub/users/get-all?page=1&fieldName=&fieldValue=&searchBy=userId&searchValue= 200 631 17610.493 ms","timestamp":"2023-12-19 10:53:16.592 PM"}
{"level":"http","message":"fc2cfea8-2420-4b1b-88b5-8a88ca810c94 POST /tax-hub/users/create-by-admin 400 61 269.124 ms","timestamp":"2023-12-19 10:54:01.146 PM"}
{"level":"http","message":"79573015-a0a7-4588-8529-7e29998e98b4 POST /tax-hub/users/create-by-admin 201 299 467.121 ms","timestamp":"2023-12-19 10:54:08.049 PM"}
{"level":"http","message":"dd8d9bb2-b17c-41e2-9da5-6f32c17e48c4 POST /tax-hub/users/create-by-admin 400 61 4.702 ms","timestamp":"2023-12-19 10:54:19.383 PM"}
{"level":"http","message":"1b61f854-7d82-417f-aef5-987b420c7e3a GET /tax-hub/users/get-all?page=1&fieldName=&fieldValue=&searchBy=userId&searchValue= 200 907 70.510 ms","timestamp":"2023-12-19 10:54:27.859 PM"}
{"level":"http","message":"242c4c85-30f8-4992-adda-5f75ed9bcdb8 GET /tax-hub/users/get-all?page=1&fieldName=&fieldValue=&searchBy=userId&searchValue= 200 907 390.543 ms","timestamp":"2023-12-19 10:54:28.185 PM"}
{"level":"http","message":"18d0c56b-9fc9-4001-8e92-b3260320ea5e GET /tax-hub/users/get-all?page=1&fieldName=&fieldValue=&searchBy=userId&searchValue= 304 - 103.977 ms","timestamp":"2023-12-19 10:54:38.779 PM"}
{"level":"http","message":"bcd1e67c-a041-4826-8a39-5b80ffb3afbe GET /tax-hub/users/get-all?page=1&fieldName=&fieldValue=&searchBy=userId&searchValue= 200 907 87.243 ms","timestamp":"2023-12-19 10:54:38.783 PM"}
{"level":"http","message":"0440cb58-f824-4ffe-b5ae-129952338ce7 POST /tax-hub/users/create-by-admin 201 299 463.103 ms","timestamp":"2023-12-19 10:55:37.955 PM"}
{"level":"http","message":"4818f7a6-f332-4261-a7cd-57b80b0ec5bf GET /tax-hub/users/get-all?page=1&fieldName=&fieldValue=&searchBy=userId&searchValue= 200 1183 21.993 ms","timestamp":"2023-12-19 10:55:56.782 PM"}
{"level":"http","message":"89e44b0b-c4c7-4e5f-9245-30885567f5c5 GET /tax-hub/users/get-all?page=1&fieldName=&fieldValue=&searchBy=userId&searchValue= 200 1183 64.198 ms","timestamp":"2023-12-19 10:55:56.827 PM"}
{"level":"http","message":"4f18a036-6698-48eb-8c9b-daa132d4ede4 DELETE /tax-hub/users/delete-user/658203493b9ddf2e257ac2b8 200 50 1058.864 ms","timestamp":"2023-12-19 10:56:03.126 PM"}
{"level":"http","message":"490b11d7-37b2-49c3-b464-7ac1977dbe62 GET /tax-hub/users/get-all?page=1&fieldName=&fieldValue=&searchBy=userId&searchValue= 200 907 4.951 ms","timestamp":"2023-12-19 10:56:03.158 PM"}
{"level":"http","message":"85f3b329-02f2-4fe8-a66e-93512a4f161b POST /tax-hub/users/create-by-admin 201 301 193.639 ms","timestamp":"2023-12-19 10:57:40.991 PM"}
{"level":"http","message":"27365d0b-cee2-4df2-9aa7-4d30e7b59592 GET /tax-hub/users/get-all?page=1&fieldName=&fieldValue=&searchBy=userId&searchValue= 200 1185 31.484 ms","timestamp":"2023-12-19 10:57:41.286 PM"}
{"level":"http","message":"b812a173-67ca-404c-9bf2-868528f9bd28 GET /tax-hub/users/get-all?page=1&fieldName=&fieldValue=&searchBy=userId&searchValue= 200 1185 52.005 ms","timestamp":"2023-12-19 10:57:41.329 PM"}
{"level":"http","message":"eaa4ab69-4c2d-4cb7-abe6-8a9ef1d5f209 GET /tax-hub/users/get-all?page=1&fieldName=&fieldValue=&searchBy=userId&searchValue= - - - ms","timestamp":"2023-12-19 11:17:56.016 PM"}
{"level":"http","message":"65200093-161f-4295-aaaa-103163d060d4 GET /tax-hub/users/get-all?page=1&fieldName=&fieldValue=&searchBy=userId&searchValue= - - - ms","timestamp":"2023-12-19 11:17:56.584 PM"}
{"level":"http","message":"921cadbd-6168-492e-8507-009add1b6287 GET /tax-hub/users/get-all?page=1&fieldName=&fieldValue=&searchBy=userId&searchValue= 304 - 36.849 ms","timestamp":"2023-12-19 11:17:57.592 PM"}
{"level":"http","message":"b694eeff-6117-4639-b4ed-cf85e01c501d GET /tax-hub/users/get-all?page=1&fieldName=&fieldValue=&searchBy=userId&searchValue= 200 1185 39.791 ms","timestamp":"2023-12-19 11:17:57.593 PM"}
{"level":"http","message":"27878f65-7a78-421f-9beb-5d5c5f601c3d GET /tax-hub/users/get-one/658203c43b9ddf2e257ac2c5 200 301 4.226 ms","timestamp":"2023-12-19 11:18:00.383 PM"}
{"level":"http","message":"0d027b1d-d6aa-40fe-a53c-3eb96d407f4e PATCH /tax-hub/users/update-by-admin/658203c43b9ddf2e257ac2c5 400 83 201.942 ms","timestamp":"2023-12-19 11:18:16.858 PM"}
{"level":"http","message":"c452fee5-c68b-4498-98a7-daf8d02d8a13 PATCH /tax-hub/users/update-by-admin/658203c43b9ddf2e257ac2c5 400 59 2313.736 ms","timestamp":"2023-12-19 11:22:22.682 PM"}
{"level":"http","message":"f0d8aecb-08bc-4ff0-bc92-002a16d49318 GET /tax-hub/users/get-all?page=1&fieldName=&fieldValue=&searchBy=userId&searchValue= 304 - 240.707 ms","timestamp":"2023-12-19 11:22:36.124 PM"}
{"level":"http","message":"4d210da6-1ce1-4d28-a3fe-0d311b21c7fc GET /tax-hub/users/get-all?page=1&fieldName=&fieldValue=&searchBy=userId&searchValue= 200 1185 237.193 ms","timestamp":"2023-12-19 11:22:36.126 PM"}
{"level":"http","message":"14deece4-7fc1-497c-bf24-914ed96a8de5 GET /tax-hub/users/get-one/658203c43b9ddf2e257ac2c5 304 - 4.644 ms","timestamp":"2023-12-19 11:22:40.128 PM"}
{"level":"http","message":"11677d25-064d-418d-b333-69030fe833be PATCH /tax-hub/users/update-by-admin/658203c43b9ddf2e257ac2c5 400 59 6.846 ms","timestamp":"2023-12-19 11:22:49.332 PM"}
{"level":"http","message":"af22d26a-6191-46d7-9c6c-1c99b014a1b3 PATCH /tax-hub/users/update-by-admin/658203c43b9ddf2e257ac2c5 400 64 32.657 ms","timestamp":"2023-12-19 11:26:42.958 PM"}
{"level":"http","message":"72f02644-56f0-439c-9bcd-e9d361da3808 PATCH /tax-hub/users/update-by-admin/658203c43b9ddf2e257ac2c5 400 52 24.583 ms","timestamp":"2023-12-19 11:28:50.102 PM"}
{"level":"http","message":"47d8b375-15d4-4169-ada1-1db3f7884879 PATCH /tax-hub/users/update-by-admin/658203c43b9ddf2e257ac2c5 400 61 29.213 ms","timestamp":"2023-12-19 11:29:33.146 PM"}
{"level":"http","message":"6194f727-d04e-4910-93d8-73941820ee2a PATCH /tax-hub/users/update-by-admin/658203c43b9ddf2e257ac2c5 200 302 90.543 ms","timestamp":"2023-12-19 11:30:17.720 PM"}
{"level":"http","message":"89d9147a-9918-49f0-8acd-87392696d5f4 GET /tax-hub/users/get-all?page=1&fieldName=&fieldValue=&searchBy=userId&searchValue= 200 1186 15.852 ms","timestamp":"2023-12-19 11:30:23.883 PM"}
{"level":"http","message":"65c151b6-f93b-492c-9f5b-b8e7c68c5b0b GET /tax-hub/users/get-all?page=1&fieldName=&fieldValue=&searchBy=userId&searchValue= 200 1186 12.264 ms","timestamp":"2023-12-19 11:30:23.886 PM"}
{"level":"http","message":"7f240029-4f1e-4dc4-9804-45f984a4969d GET /tax-hub/users/get-one/658203c43b9ddf2e257ac2c5 200 302 4.183 ms","timestamp":"2023-12-19 11:30:27.000 PM"}
{"level":"http","message":"2a21a6f4-b670-46bc-a382-382e7d586d42 GET /tax-hub/users/get-all?page=1&fieldName=&fieldValue=&searchBy=userId&searchValue= 304 - 9.397 ms","timestamp":"2023-12-19 11:31:30.513 PM"}
{"level":"http","message":"5c02c375-e2b5-48b5-a7f5-9410b8d4c8e7 GET /tax-hub/users/get-all?page=1&fieldName=&fieldValue=&searchBy=userId&searchValue= 200 1186 12.732 ms","timestamp":"2023-12-19 11:31:30.535 PM"}
{"level":"http","message":"b65b7ed8-70a3-4ef7-ae16-e9ed6c11ecbe GET /tax-hub/users/get-one/658203c43b9ddf2e257ac2c5 304 - 4.129 ms","timestamp":"2023-12-19 11:31:39.290 PM"}
{"level":"http","message":"6e1e125c-3cc1-4ec3-8975-2f15937efe97 PATCH /tax-hub/users/update-by-admin/658203c43b9ddf2e257ac2c5 200 298 11.052 ms","timestamp":"2023-12-19 11:31:45.906 PM"}
{"level":"http","message":"69c96697-6bd4-4a0f-b35c-93b90f0c1046 GET /tax-hub/users/get-all?page=1&fieldName=&fieldValue=&searchBy=userId&searchValue= 200 1182 9.164 ms","timestamp":"2023-12-19 11:31:49.917 PM"}
{"level":"http","message":"7f647701-3dfc-4cd7-8466-3f2ab53fce4f GET /tax-hub/users/get-all?page=1&fieldName=&fieldValue=&searchBy=userId&searchValue= 200 1182 11.678 ms","timestamp":"2023-12-19 11:31:49.922 PM"}
{"level":"http","message":"6ff172bf-11c9-441e-bd75-3467ef6ae1ca GET /tax-hub/users/get-one/658203c43b9ddf2e257ac2c5 200 298 16.375 ms","timestamp":"2023-12-19 11:32:15.029 PM"}
{"level":"http","message":"d90c7269-65df-4f4b-8fc7-8a4fb8b80165 PATCH /tax-hub/users/update-by-admin/658203c43b9ddf2e257ac2c5 400 65 9.753 ms","timestamp":"2023-12-19 11:32:23.042 PM"}
{"level":"http","message":"49a095bf-a359-4fe9-a8ac-acf4870553b5 PATCH /tax-hub/users/update-by-admin/658203c43b9ddf2e257ac2c5 200 300 17.174 ms","timestamp":"2023-12-19 11:32:28.333 PM"}
{"level":"http","message":"871e239f-ffbd-4216-92be-3780c0b25598 PATCH /tax-hub/users/update-by-admin/658203c43b9ddf2e257ac2c5 200 300 70.719 ms","timestamp":"2023-12-19 11:33:01.625 PM"}
{"level":"http","message":"fe176696-51c8-4533-a988-9b81d6e88aa1 GET /tax-hub/users/get-all?page=1&fieldName=&fieldValue=&searchBy=userId&searchValue= 200 1184 77.064 ms","timestamp":"2023-12-19 11:34:00.720 PM"}
{"level":"http","message":"bf220d27-1e3e-43c3-baaa-881774edf802 GET /tax-hub/users/get-all?page=1&fieldName=&fieldValue=&searchBy=userId&searchValue= 200 1184 73.204 ms","timestamp":"2023-12-19 11:34:00.723 PM"}
{"level":"http","message":"3dd8cf65-3ac0-42c5-b6d1-540dde4c3f88 GET /tax-hub/users/get-one/658203c43b9ddf2e257ac2c5 200 300 4.227 ms","timestamp":"2023-12-19 11:34:02.344 PM"}
{"level":"http","message":"69a92f6d-1f26-4f52-b21f-0ee36ae9c2ac PATCH /tax-hub/users/update-by-admin/658203c43b9ddf2e257ac2c5 200 299 11.355 ms","timestamp":"2023-12-19 11:34:05.926 PM"}
{"level":"http","message":"14f80fd1-58ff-42da-8f14-5be411761114 GET /tax-hub/users/get-all?page=1&fieldName=&fieldValue=&searchBy=userId&searchValue= 200 1183 9.742 ms","timestamp":"2023-12-19 11:34:06.256 PM"}
{"level":"http","message":"20fc07fb-8016-4e08-bf66-450133b0913a GET /tax-hub/users/get-all?page=1&fieldName=&fieldValue=&searchBy=userId&searchValue= 200 1183 9.559 ms","timestamp":"2023-12-19 11:34:06.259 PM"}
{"level":"http","message":"bdf9655e-e781-4e4a-94ff-3caf2908fbd4 GET /tax-hub/users/get-all?page=1&fieldName=&fieldValue=&searchBy=userId&searchValue= 304 - 2981.419 ms","timestamp":"2023-12-19 11:44:33.394 PM"}
{"level":"http","message":"c32560f2-1056-46a3-ade4-fe52afc6a477 GET /tax-hub/users/get-all?page=1&fieldName=&fieldValue=&searchBy=userId&searchValue= 304 - 594.972 ms","timestamp":"2023-12-19 11:45:29.080 PM"}
{"level":"http","message":"e895af44-bc80-4899-ba0a-b17878cf5aa3 GET /tax-hub/users/get-all?page=1&fieldName=&fieldValue=&searchBy=userId&searchValue= 200 1183 753.837 ms","timestamp":"2023-12-19 11:45:29.344 PM"}
{"level":"http","message":"66f6b3ab-6211-4283-85cd-948732d94798 POST /tax-hub/auth/login 200 269 2883.160 ms","timestamp":"2023-12-20 12:49:09.753 AM"}
{"level":"http","message":"fc829b02-eadd-42b7-96f8-aa6e585d6ea2 PATCH /tax-hub//users/update-profile/6581f20f73fa7d8fcd969c62 404 43 13.604 ms","timestamp":"2023-12-20 02:13:22.643 AM"}
{"level":"http","message":"831347b2-cad4-4864-9036-6251b9c00b46 PATCH /tax-hub//users/update-profile/6581f20f73fa7d8fcd969c62 404 43 4.948 ms","timestamp":"2023-12-20 02:13:47.247 AM"}
{"level":"http","message":"5fa5f8ad-ae22-4086-b6de-f0e5bbf9672a PATCH /tax-hub//users/update-profile/6581f20f73fa7d8fcd969c62 400 303 145.195 ms","timestamp":"2023-12-20 02:14:43.150 AM"}
{"level":"http","message":"212b2977-56e0-48d5-8358-0b448b9566f4 PATCH /tax-hub//users/update-profile/6581f20f73fa7d8fcd969c62 200 268 673.478 ms","timestamp":"2023-12-20 02:16:05.922 AM"}
{"level":"http","message":"85d6a617-14bb-4051-b351-012b9bf6b13e PATCH /tax-hub//users/update-profile/6581f20f73fa7d8fcd969c62 200 347 48.692 ms","timestamp":"2023-12-20 02:18:14.798 AM"}
